{"I:\\Javascript\\Jest\\math.js": {"path":"I:\\Javascript\\Jest\\math.js","statementMap":{"0":{"start":{"line":3,"column":4},"end":{"line":3,"column":17}},"1":{"start":{"line":6,"column":0},"end":{"line":6,"column":21}}},"fnMap":{"0":{"name":"sum","decl":{"start":{"line":2,"column":9},"end":{"line":2,"column":12}},"loc":{"start":{"line":2,"column":19},"end":{"line":4,"column":1}},"line":2}},"branchMap":{},"s":{"0":3,"1":1},"f":{"0":3},"b":{},"_coverageSchema":"1a1c01bbd47fc00a2c39e90264f33305004495a9","hash":"7bb8154fbcde0db96ba37690348e2861995c0e38"}
,"I:\\Javascript\\Jest\\stringUtils.js": {"path":"I:\\Javascript\\Jest\\stringUtils.js","statementMap":{"0":{"start":{"line":3,"column":4},"end":{"line":3,"column":25}},"1":{"start":{"line":3,"column":15},"end":{"line":3,"column":25}},"2":{"start":{"line":4,"column":4},"end":{"line":4,"column":70}},"3":{"start":{"line":7,"column":0},"end":{"line":7,"column":32}}},"fnMap":{"0":{"name":"capitalize","decl":{"start":{"line":2,"column":9},"end":{"line":2,"column":19}},"loc":{"start":{"line":2,"column":26},"end":{"line":5,"column":1}},"line":2}},"branchMap":{"0":{"loc":{"start":{"line":3,"column":4},"end":{"line":3,"column":25}},"type":"if","locations":[{"start":{"line":3,"column":4},"end":{"line":3,"column":25}},{"start":{},"end":{}}],"line":3}},"s":{"0":4,"1":1,"2":3,"3":1},"f":{"0":4},"b":{"0":[1,3]},"_coverageSchema":"1a1c01bbd47fc00a2c39e90264f33305004495a9","hash":"2e0f36748da3774872aa332133e1d4c873251e19"}
,"I:\\Javascript\\Jest\\timer.js": {"path":"I:\\Javascript\\Jest\\timer.js","statementMap":{"0":{"start":{"line":3,"column":4},"end":{"line":3,"column":32}},"1":{"start":{"line":6,"column":0},"end":{"line":6,"column":36}}},"fnMap":{"0":{"name":"delayExecution","decl":{"start":{"line":2,"column":9},"end":{"line":2,"column":23}},"loc":{"start":{"line":2,"column":41},"end":{"line":4,"column":1}},"line":2}},"branchMap":{},"s":{"0":1,"1":1},"f":{"0":1},"b":{},"_coverageSchema":"1a1c01bbd47fc00a2c39e90264f33305004495a9","hash":"be9e8300b0a5de3294cce30b3094910e2279fd1f"}
,"I:\\Javascript\\Jest\\user.js": {"path":"I:\\Javascript\\Jest\\user.js","statementMap":{"0":{"start":{"line":1,"column":14},"end":{"line":1,"column":30}},"1":{"start":{"line":4,"column":4},"end":{"line":4,"column":56}},"2":{"start":{"line":4,"column":17},"end":{"line":4,"column":56}},"3":{"start":{"line":6,"column":21},"end":{"line":6,"column":92}},"4":{"start":{"line":7,"column":4},"end":{"line":7,"column":25}},"5":{"start":{"line":10,"column":0},"end":{"line":10,"column":35}}},"fnMap":{"0":{"name":"fetchUserData","decl":{"start":{"line":3,"column":15},"end":{"line":3,"column":28}},"loc":{"start":{"line":3,"column":37},"end":{"line":8,"column":1}},"line":3}},"branchMap":{"0":{"loc":{"start":{"line":4,"column":4},"end":{"line":4,"column":56}},"type":"if","locations":[{"start":{"line":4,"column":4},"end":{"line":4,"column":56}},{"start":{},"end":{}}],"line":4}},"s":{"0":1,"1":3,"2":1,"3":2,"4":1,"5":1},"f":{"0":3},"b":{"0":[1,2]},"_coverageSchema":"1a1c01bbd47fc00a2c39e90264f33305004495a9","hash":"77f4896c256f358efd74324bfa0fa954cbcec8fa"}
}
