TN:
SF:math.js
FN:2,sum
FNF:1
FNH:1
FNDA:3,sum
DA:3,3
DA:6,1
LF:2
LH:2
BRF:0
BRH:0
end_of_record
TN:
SF:stringUtils.js
FN:2,capitalize
FNF:1
FNH:1
FNDA:4,capitalize
DA:3,4
DA:4,3
DA:7,1
LF:3
LH:3
BRDA:3,0,0,1
BRDA:3,0,1,3
BRF:2
BRH:2
end_of_record
TN:
SF:timer.js
FN:2,delayExecution
FNF:1
FNH:1
FNDA:1,delayExecution
DA:3,1
DA:6,1
LF:2
LH:2
BRF:0
BRH:0
end_of_record
TN:
SF:user.js
FN:3,fetchUserData
FNF:1
FNH:1
FNDA:3,fetchUserData
DA:1,1
DA:4,3
DA:6,2
DA:7,1
DA:10,1
LF:5
LH:5
BRDA:4,0,0,1
BRDA:4,0,1,2
BRF:2
BRH:2
end_of_record
